08:44:53.613 INFO  - Project 'basic_system_hw_platform' created. You can now create BSPs and application projects targeting this hardware platform. 
08:45:29.358 INFO  - FPGA configured successfully with bitstream "D:/work/lprs2/2013_2014/Resene_vezbe/lab56/basic_system/SDK/SDK_Workspace/basic_system_hw_platform/download.bit" 
09:12:40.940 INFO  - Saving repository preferences. 
09:12:40.942 INFO  - Reading in cores from global repositories: 
		 D:\work\lprs2\2013_2014\Resene_vezbe\lab56 
09:12:40.947 INFO  - Updating libgen.options on all BSP projects. 
09:12:40.948 INFO  - Cleaning BSP projects in the workspace. 
09:14:22.175 INFO  - Saving repository preferences. 
09:14:22.178 INFO  - Reading in cores from local repositories: 
		 D:\work\lprs2\2013_2014\Resene_vezbe\lab56\basic_system\pcores 
09:14:22.187 INFO  - Updating libgen.options on all BSP projects. 
09:14:22.189 INFO  - Cleaning BSP projects in the workspace. 
10:20:50.218 INFO  - Project basic_system_hw_platform's source hardware specification located at D:\work\lprs2\2013_2014\Resene_vezbe\lab56\basic_system\SDK\SDK_Export\hw\system.xml is now different from the local copy.
		 The local copy will be replaced with the source specification and your workspace will be updated. 
10:20:58.641 INFO  - Copied contents of D:\work\lprs2\2013_2014\Resene_vezbe\lab56\basic_system\SDK\SDK_Export\hw\system.xml into \basic_system_hw_platform\system.xml. 
10:20:58.647 INFO  - Copied contents of D:\work\lprs2\2013_2014\Resene_vezbe\lab56\basic_system\SDK\SDK_Export\hw\system.bit into \basic_system_hw_platform\system.bit. 
10:20:58.649 INFO  - Copied contents of D:\work\lprs2\2013_2014\Resene_vezbe\lab56\basic_system\SDK\SDK_Export\hw\system_bd.bmm into \basic_system_hw_platform\system_bd.bmm. 
10:20:58.937 INFO  - Synchronizing projects in the workspace with the hardware platform specification changes. 
10:21:00.535 INFO  - Updating hardware inferred compiler options for hello_world. 
10:21:00.565 INFO  - Clearing existing target manager status. 
10:21:00.566 INFO  - Closing and re-opening the MSS file of ther project hello_world_bsp 
10:21:01.745 INFO  - Workspace synchronized with the new hardware specification file. Cleaning dependent projects... 
10:21:22.252 INFO  - FPGA configured successfully with bitstream "D:/work/lprs2/2013_2014/Resene_vezbe/lab56/basic_system/SDK/SDK_Workspace/basic_system_hw_platform/download.bit" 
11:12:41.053 INFO  - Project basic_system_hw_platform's source hardware specification located at D:\work\lprs2\2013_2014\Resene_vezbe\lab56\basic_system\SDK\SDK_Export\hw\system.xml is now different from the local copy.
		 The local copy will be replaced with the source specification and your workspace will be updated. 
11:13:00.178 INFO  - Copied contents of D:\work\lprs2\2013_2014\Resene_vezbe\lab56\basic_system\SDK\SDK_Export\hw\system.xml into \basic_system_hw_platform\system.xml. 
11:13:00.185 INFO  - Copied contents of D:\work\lprs2\2013_2014\Resene_vezbe\lab56\basic_system\SDK\SDK_Export\hw\system.bit into \basic_system_hw_platform\system.bit. 
11:13:00.188 INFO  - Copied contents of D:\work\lprs2\2013_2014\Resene_vezbe\lab56\basic_system\SDK\SDK_Export\hw\system_bd.bmm into \basic_system_hw_platform\system_bd.bmm. 
11:13:00.696 INFO  - Synchronizing projects in the workspace with the hardware platform specification changes. 
11:13:01.462 INFO  - Updating MSS for Board Support Package Project: hello_world_bsp.
		 The following driver assignments were removed:
			Peripheral Instance: vga_periph_0, driver: generic_v1_00_a.
		 The following new driver assignments were made:
			Peripheral Instance: vga_periph_mem_0, driver: generic_v1_00_a.
 
11:13:02.245 INFO  - Updating hardware inferred compiler options for hello_world. 
11:13:02.246 INFO  - Clearing existing target manager status. 
11:13:02.247 INFO  - Closing and re-opening the MSS file of ther project hello_world_bsp 
11:13:03.421 INFO  - Workspace synchronized with the new hardware specification file. Cleaning dependent projects... 
11:29:41.953 INFO  - Project basic_system_hw_platform's source hardware specification located at D:\work\lprs2\2013_2014\Resene_vezbe\lab56\basic_system\SDK\SDK_Export\hw\system.xml is now different from the local copy.
		 The local copy will be replaced with the source specification and your workspace will be updated. 
11:29:48.055 INFO  - Copied contents of D:\work\lprs2\2013_2014\Resene_vezbe\lab56\basic_system\SDK\SDK_Export\hw\system.xml into \basic_system_hw_platform\system.xml. 
11:29:48.062 INFO  - Copied contents of D:\work\lprs2\2013_2014\Resene_vezbe\lab56\basic_system\SDK\SDK_Export\hw\system.bit into \basic_system_hw_platform\system.bit. 
11:29:48.065 INFO  - Copied contents of D:\work\lprs2\2013_2014\Resene_vezbe\lab56\basic_system\SDK\SDK_Export\hw\system_bd.bmm into \basic_system_hw_platform\system_bd.bmm. 
11:29:48.345 INFO  - Synchronizing projects in the workspace with the hardware platform specification changes. 
11:29:49.956 INFO  - Updating hardware inferred compiler options for hello_world. 
11:29:50.005 INFO  - Clearing existing target manager status. 
11:29:50.005 INFO  - Closing and re-opening the MSS file of ther project hello_world_bsp 
11:29:51.181 INFO  - Workspace synchronized with the new hardware specification file. Cleaning dependent projects... 
11:30:12.494 INFO  - FPGA configured successfully with bitstream "D:/work/lprs2/2013_2014/Resene_vezbe/lab56/basic_system/SDK/SDK_Workspace/basic_system_hw_platform/download.bit" 
11:49:15.795 INFO  - Updating .bit and .bmm files from XPS's export folder. 
11:49:17.124 INFO  - Copied contents of D:\work\lprs2\2013_2014\Resene_vezbe\lab56\basic_system\SDK\SDK_Export\hw\system.bit into \basic_system_hw_platform\system.bit. 
11:49:17.127 INFO  - Copied contents of D:\work\lprs2\2013_2014\Resene_vezbe\lab56\basic_system\SDK\SDK_Export\hw\system_bd.bmm into \basic_system_hw_platform\system_bd.bmm. 
11:49:35.456 INFO  - FPGA configured successfully with bitstream "D:/work/lprs2/2013_2014/Resene_vezbe/lab56/basic_system/SDK/SDK_Workspace/basic_system_hw_platform/download.bit" 
13:48:02.945 INFO  - Updating .bit and .bmm files from XPS's export folder. 
13:48:06.532 INFO  - Copied contents of D:\work\lprs2\2013_2014\Resene_vezbe\lab56\basic_system\SDK\SDK_Export\hw\system.bit into \basic_system_hw_platform\system.bit. 
13:48:06.536 INFO  - Copied contents of D:\work\lprs2\2013_2014\Resene_vezbe\lab56\basic_system\SDK\SDK_Export\hw\system_bd.bmm into \basic_system_hw_platform\system_bd.bmm. 
13:48:23.182 INFO  - FPGA configured successfully with bitstream "D:/work/lprs2/2013_2014/Resene_vezbe/lab56/basic_system/SDK/SDK_Workspace/basic_system_hw_platform/download.bit" 
13:50:49.565 INFO  - FPGA configured successfully with bitstream "D:/work/lprs2/2013_2014/Resene_vezbe/lab56/basic_system/SDK/SDK_Workspace/basic_system_hw_platform/download.bit" 
13:51:46.892 INFO  - FPGA configured successfully with bitstream "D:/work/lprs2/2013_2014/Resene_vezbe/lab56/basic_system/SDK/SDK_Workspace/basic_system_hw_platform/download.bit" 
13:52:19.025 INFO  - FPGA configured successfully with bitstream "D:/work/lprs2/2013_2014/Resene_vezbe/lab56/basic_system/SDK/SDK_Workspace/basic_system_hw_platform/download.bit" 
13:53:55.309 INFO  - FPGA configured successfully with bitstream "D:/work/lprs2/2013_2014/Resene_vezbe/lab56/basic_system/SDK/SDK_Workspace/basic_system_hw_platform/download.bit" 
14:13:56.924 INFO  - Project basic_system_hw_platform's source hardware specification located at D:\work\lprs2\2013_2014\Resene_vezbe\lab56\basic_system\SDK\SDK_Export\hw\system.xml is now different from the local copy.
		 The local copy will be replaced with the source specification and your workspace will be updated. 
14:14:20.614 INFO  - Copied contents of D:\work\lprs2\2013_2014\Resene_vezbe\lab56\basic_system\SDK\SDK_Export\hw\system.xml into \basic_system_hw_platform\system.xml. 
14:14:20.618 INFO  - Copied contents of D:\work\lprs2\2013_2014\Resene_vezbe\lab56\basic_system\SDK\SDK_Export\hw\system.bit into \basic_system_hw_platform\system.bit. 
14:14:20.620 INFO  - Copied contents of D:\work\lprs2\2013_2014\Resene_vezbe\lab56\basic_system\SDK\SDK_Export\hw\system_bd.bmm into \basic_system_hw_platform\system_bd.bmm. 
14:14:20.912 INFO  - Synchronizing projects in the workspace with the hardware platform specification changes. 
14:14:22.453 INFO  - Updating hardware inferred compiler options for hello_world. 
14:14:22.455 INFO  - Clearing existing target manager status. 
14:14:22.455 INFO  - Closing and re-opening the MSS file of ther project hello_world_bsp 
14:14:23.627 INFO  - Workspace synchronized with the new hardware specification file. Cleaning dependent projects... 
14:15:05.263 INFO  - FPGA configured successfully with bitstream "D:/work/lprs2/2013_2014/Resene_vezbe/lab56/basic_system/SDK/SDK_Workspace/basic_system_hw_platform/download.bit" 
14:20:22.405 INFO  - Updating .bit and .bmm files from XPS's export folder. 
14:20:24.494 INFO  - Copied contents of D:\work\lprs2\2013_2014\Resene_vezbe\lab56\basic_system\SDK\SDK_Export\hw\system.bit into \basic_system_hw_platform\system.bit. 
14:20:24.497 INFO  - Copied contents of D:\work\lprs2\2013_2014\Resene_vezbe\lab56\basic_system\SDK\SDK_Export\hw\system_bd.bmm into \basic_system_hw_platform\system_bd.bmm. 
14:20:39.871 INFO  - FPGA configured successfully with bitstream "D:/work/lprs2/2013_2014/Resene_vezbe/lab56/basic_system/SDK/SDK_Workspace/basic_system_hw_platform/download.bit" 
14:28:08.588 INFO  - FPGA configured successfully with bitstream "D:/work/lprs2/2013_2014/Resene_vezbe/lab56/basic_system/SDK/SDK_Workspace/basic_system_hw_platform/download.bit" 
14:33:12.049 INFO  - FPGA configured successfully with bitstream "D:/work/lprs2/2013_2014/Resene_vezbe/lab56/basic_system/SDK/SDK_Workspace/basic_system_hw_platform/download.bit" 
14:41:31.698 INFO  - Updating .bit and .bmm files from XPS's export folder. 
14:41:33.069 INFO  - Copied contents of D:\work\lprs2\2013_2014\Resene_vezbe\lab56\basic_system\SDK\SDK_Export\hw\system.bit into \basic_system_hw_platform\system.bit. 
14:41:33.072 INFO  - Copied contents of D:\work\lprs2\2013_2014\Resene_vezbe\lab56\basic_system\SDK\SDK_Export\hw\system_bd.bmm into \basic_system_hw_platform\system_bd.bmm. 
14:42:14.443 INFO  - FPGA configured successfully with bitstream "D:/work/lprs2/2013_2014/Resene_vezbe/lab56/basic_system/SDK/SDK_Workspace/basic_system_hw_platform/download.bit" 
14:52:24.180 INFO  - Updating .bit and .bmm files from XPS's export folder. 
14:52:28.565 INFO  - Copied contents of D:\work\lprs2\2013_2014\Resene_vezbe\lab56\basic_system\SDK\SDK_Export\hw\system.bit into \basic_system_hw_platform\system.bit. 
14:52:28.575 INFO  - Copied contents of D:\work\lprs2\2013_2014\Resene_vezbe\lab56\basic_system\SDK\SDK_Export\hw\system_bd.bmm into \basic_system_hw_platform\system_bd.bmm. 
14:52:41.579 INFO  - FPGA configured successfully with bitstream "D:/work/lprs2/2013_2014/Resene_vezbe/lab56/basic_system/SDK/SDK_Workspace/basic_system_hw_platform/download.bit" 
14:58:50.736 INFO  - Updating .bit and .bmm files from XPS's export folder. 
14:58:52.773 INFO  - Copied contents of D:\work\lprs2\2013_2014\Resene_vezbe\lab56\basic_system\SDK\SDK_Export\hw\system.bit into \basic_system_hw_platform\system.bit. 
14:58:52.777 INFO  - Copied contents of D:\work\lprs2\2013_2014\Resene_vezbe\lab56\basic_system\SDK\SDK_Export\hw\system_bd.bmm into \basic_system_hw_platform\system_bd.bmm. 
14:59:07.267 INFO  - FPGA configured successfully with bitstream "D:/work/lprs2/2013_2014/Resene_vezbe/lab56/basic_system/SDK/SDK_Workspace/basic_system_hw_platform/download.bit" 
15:04:56.224 INFO  - Updating .bit and .bmm files from XPS's export folder. 
15:04:57.689 INFO  - Copied contents of D:\work\lprs2\2013_2014\Resene_vezbe\lab56\basic_system\SDK\SDK_Export\hw\system.bit into \basic_system_hw_platform\system.bit. 
15:04:57.691 INFO  - Copied contents of D:\work\lprs2\2013_2014\Resene_vezbe\lab56\basic_system\SDK\SDK_Export\hw\system_bd.bmm into \basic_system_hw_platform\system_bd.bmm. 
15:05:08.672 INFO  - FPGA configured successfully with bitstream "D:/work/lprs2/2013_2014/Resene_vezbe/lab56/basic_system/SDK/SDK_Workspace/basic_system_hw_platform/download.bit" 
15:25:24.620 INFO  - Updating .bit and .bmm files from XPS's export folder. 
15:25:30.347 INFO  - Copied contents of D:\work\lprs2\2013_2014\Resene_vezbe\lab56\basic_system\SDK\SDK_Export\hw\system.bit into \basic_system_hw_platform\system.bit. 
15:25:30.351 INFO  - Copied contents of D:\work\lprs2\2013_2014\Resene_vezbe\lab56\basic_system\SDK\SDK_Export\hw\system_bd.bmm into \basic_system_hw_platform\system_bd.bmm. 
15:25:43.495 INFO  - FPGA configured successfully with bitstream "D:/work/lprs2/2013_2014/Resene_vezbe/lab56/basic_system/SDK/SDK_Workspace/basic_system_hw_platform/download.bit" 
15:43:36.753 INFO  - Updating .bit and .bmm files from XPS's export folder. 
15:43:38.947 INFO  - Copied contents of D:\work\lprs2\2013_2014\Resene_vezbe\lab56\basic_system\SDK\SDK_Export\hw\system.bit into \basic_system_hw_platform\system.bit. 
15:43:38.950 INFO  - Copied contents of D:\work\lprs2\2013_2014\Resene_vezbe\lab56\basic_system\SDK\SDK_Export\hw\system_bd.bmm into \basic_system_hw_platform\system_bd.bmm. 
15:43:56.424 INFO  - FPGA configured successfully with bitstream "D:/work/lprs2/2013_2014/Resene_vezbe/lab56/basic_system/SDK/SDK_Workspace/basic_system_hw_platform/download.bit" 
09:01:25.990 INFO  - FPGA configured successfully with bitstream "D:/work/lprs2/2013_2014/Resene_vezbe/lab56/basic_system/SDK/SDK_Workspace/basic_system_hw_platform/download.bit" 
09:14:34.380 ERROR - Unexpected error while parsing XMD response ?: com.google.gson.JsonSyntaxException: com.google.gson.stream.MalformedJsonException: invalid number or unquoted string near  
09:14:54.209 INFO  - Restoring local repository preferences: 
		 D:\work\lprs2\2013_2014\Resene_vezbe\lab56\basic_system\pcores 
09:15:23.771 INFO  - Saving repository preferences. 
09:15:26.363 INFO  - Saving repository preferences. 
09:15:26.919 INFO  - Saving repository preferences. 
09:26:48.223 ERROR - Unable to read in MSS file D:\work\lprs2\2013_2014\Resene_vezbe\lab56\basic_system\SDK\SDK_Workspace\hello_world_bsp\system.mss. 
09:27:40.760 INFO  - Saving repository preferences. 
09:27:40.762 INFO  - Updating libgen.options on all BSP projects. 
09:27:40.764 INFO  - Cleaning BSP projects in the workspace. 
09:27:41.087 ERROR - Unable to read in MSS file D:\work\lprs2\2013_2014\Resene_vezbe\lab56\basic_system\SDK\SDK_Workspace\hello_world_bsp\system.mss. 
09:28:59.623 INFO  - Saving repository preferences. 
09:28:59.626 INFO  - Reading in cores from local repositories: 
		 D:\work\lprs2\2013_2014\Resene_vezbe\lab56 
09:28:59.636 INFO  - Updating libgen.options on all BSP projects. 
09:28:59.639 INFO  - Cleaning BSP projects in the workspace. 
09:29:28.380 INFO  - Settings changed on project hello_world_bsp. Triggering a rebuild... 
09:29:28.620 INFO  - Refreshed build settings on project hello_world 
09:29:47.883 INFO  - Settings changed on project hello_world_bsp. Triggering a rebuild... 
09:29:48.122 INFO  - Refreshed build settings on project hello_world 
09:34:45.378 INFO  - FPGA configured successfully with bitstream "D:/work/lprs2/2013_2014/Resene_vezbe/lab56/basic_system/SDK/SDK_Workspace/basic_system_hw_platform/download.bit" 
09:36:36.385 INFO  - Settings changed on project hello_world_bsp. Triggering a rebuild... 
09:36:36.629 INFO  - Refreshed build settings on project hello_world 
09:37:05.460 INFO  - Saving repository preferences. 
09:37:05.462 INFO  - Updating libgen.options on all BSP projects. 
09:37:05.464 INFO  - Cleaning BSP projects in the workspace. 
09:38:39.243 INFO  - Saving repository preferences. 
09:38:39.246 INFO  - Reading in cores from local repositories: 
		 D:\work\lprs2\2013_2014\Resene_vezbe\lab56\basic_system 
09:38:39.298 INFO  - Updating libgen.options on all BSP projects. 
09:38:39.299 INFO  - Cleaning BSP projects in the workspace. 
09:39:04.731 INFO  - Settings changed on project hello_world_bsp. Triggering a rebuild... 
09:39:04.953 INFO  - Refreshed build settings on project hello_world 
10:33:44.745 ERROR - Unexpected error while parsing XMD response ?: com.google.gson.JsonSyntaxException: com.google.gson.stream.MalformedJsonException: invalid number or unquoted string near  
10:36:10.473 ERROR - Unexpected error while parsing XMD response ?: com.google.gson.JsonSyntaxException: com.google.gson.stream.MalformedJsonException: invalid number or unquoted string near  
09:17:10.327 INFO  - Processing command line option -hwspec D:\RA160-2016\lab5\lab5\SDK\SDK_Export\hw\system.xml. 
09:17:11.520 INFO  - The hardware specification for project 'basic_system_hw_platform' is different from D:\RA160-2016\lab5\lab5\SDK\SDK_Export\hw\system.xml. 
09:17:11.550 INFO  - Copied contents of D:\RA160-2016\lab5\lab5\SDK\SDK_Export\hw\system.xml into \basic_system_hw_platform\system.xml. 
09:17:11.553 INFO  - Copied contents of D:\RA160-2016\lab5\lab5\SDK\SDK_Export\hw\system.bit into \basic_system_hw_platform\system.bit. 
09:17:11.554 INFO  - Copied contents of D:\RA160-2016\lab5\lab5\SDK\SDK_Export\hw\system_bd.bmm into \basic_system_hw_platform\system_bd.bmm. 
09:17:11.979 INFO  - Synchronizing projects in the workspace with the hardware platform specification changes. 
09:17:13.174 INFO  - Restoring local repository preferences: 
		 D:\work\lprs2\2013_2014\Resene_vezbe\lab56\basic_system 
09:17:14.735 INFO  - Updating hardware inferred compiler options for hello_world. 
09:17:14.779 INFO  - Clearing existing target manager status. 
09:19:35.897 ERROR - Unable to read in MSS file D:\RA160-2016\lab5\lab5\SDK\SDK_Workspace\hello_world_bsp\system.mss. 
09:19:35.905 ERROR - Unable to read in MSS file D:\RA160-2016\lab5\lab5\SDK\SDK_Workspace\hello_world_bsp\system.mss. 
09:19:35.942 WARN  - Unable to determine location of documentation for OS . 
09:19:35.945 ERROR - Unable to read in MSS file D:\RA160-2016\lab5\lab5\SDK\SDK_Workspace\hello_world_bsp\system.mss. 
09:19:35.950 ERROR - Unable to read in MSS file D:\RA160-2016\lab5\lab5\SDK\SDK_Workspace\hello_world_bsp\system.mss. 
09:19:51.552 ERROR - Unable to read in MSS file D:\RA160-2016\lab5\lab5\SDK\SDK_Workspace\hello_world_bsp\system.mss. 
09:20:01.304 ERROR - Unable to read in MSS file D:\RA160-2016\lab5\lab5\SDK\SDK_Workspace\hello_world_bsp\system.mss. 
09:20:08.050 ERROR - Unable to read in MSS file D:\RA160-2016\lab5\lab5\SDK\SDK_Workspace\hello_world_bsp\system.mss. 
09:20:27.699 ERROR - Unable to read in MSS file D:\RA160-2016\lab5\lab5\SDK\SDK_Workspace\hello_world_bsp\system.mss. 
09:20:55.940 ERROR - Unable to read in MSS file D:\RA160-2016\lab5\lab5\SDK\SDK_Workspace\hello_world_bsp\system.mss. 
09:21:07.029 ERROR - Unable to read in MSS file D:\RA160-2016\lab5\lab5\SDK\SDK_Workspace\hello_world_bsp\system.mss. 
09:21:14.012 ERROR - Unable to read in MSS file D:\RA160-2016\lab5\lab5\SDK\SDK_Workspace\hello_world_bsp\system.mss. 
09:21:27.014 ERROR - Unable to read in MSS file D:\RA160-2016\lab5\lab5\SDK\SDK_Workspace\hello_world_bsp\system.mss. 
09:21:32.707 ERROR - Unable to read in MSS file D:\RA160-2016\lab5\lab5\SDK\SDK_Workspace\hello_world_bsp\system.mss. 
09:21:32.961 ERROR - Unable to read in MSS file D:\RA160-2016\lab5\lab5\SDK\SDK_Workspace\hello_world_bsp\system.mss. 
09:21:48.484 ERROR - Unable to read in MSS file D:\RA160-2016\lab5\lab5\SDK\SDK_Workspace\hello_world_bsp\system.mss. 
09:21:57.009 INFO  - Settings changed on project hello_world_bsp. Triggering a rebuild... 
09:26:23.184 ERROR - Unexpected error while launching program. java.lang.RuntimeException: Invalid Target ID
    Target '0' Does NOT exist in the Current System


	at com.xilinx.sdk.targetmanager.internal.TM.setResetOnRun(Unknown Source)
	at com.xilinx.sdk.debug.core.internal.AppRunner.run(Unknown Source)

09:39:56.056 INFO  - FPGA configured successfully with bitstream "D:/RA160-2016/lab5/lab5/SDK/SDK_Workspace/basic_system_hw_platform/download.bit" 
09:40:36.528 INFO  - FPGA configured successfully with bitstream "D:/RA160-2016/lab5/lab5/SDK/SDK_Workspace/basic_system_hw_platform/download.bit" 
09:51:44.117 INFO  - FPGA configured successfully with bitstream "D:/RA160-2016/lab5/lab5/SDK/SDK_Workspace/basic_system_hw_platform/download.bit" 
09:52:30.627 INFO  - FPGA configured successfully with bitstream "D:/RA160-2016/lab5/lab5/SDK/SDK_Workspace/basic_system_hw_platform/download.bit" 
09:54:28.546 INFO  - FPGA configured successfully with bitstream "D:/RA160-2016/lab5/lab5/SDK/SDK_Workspace/basic_system_hw_platform/download.bit" 
09:55:00.894 INFO  - FPGA configured successfully with bitstream "D:/RA160-2016/lab5/lab5/SDK/SDK_Workspace/basic_system_hw_platform/download.bit" 
09:56:40.927 INFO  - FPGA configured successfully with bitstream "D:/RA160-2016/lab5/lab5/SDK/SDK_Workspace/basic_system_hw_platform/download.bit" 
09:57:15.848 INFO  - FPGA configured successfully with bitstream "D:/RA160-2016/lab5/lab5/SDK/SDK_Workspace/basic_system_hw_platform/download.bit" 
10:00:43.402 INFO  - FPGA configured successfully with bitstream "D:/RA160-2016/lab5/lab5/SDK/SDK_Workspace/basic_system_hw_platform/download.bit" 
10:01:07.377 INFO  - FPGA configured successfully with bitstream "D:/RA160-2016/lab5/lab5/SDK/SDK_Workspace/basic_system_hw_platform/download.bit" 
10:08:43.410 INFO  - FPGA configured successfully with bitstream "D:/RA160-2016/lab5/lab5/SDK/SDK_Workspace/basic_system_hw_platform/download.bit" 
10:09:50.064 INFO  - FPGA configured successfully with bitstream "D:/RA160-2016/lab5/lab5/SDK/SDK_Workspace/basic_system_hw_platform/download.bit" 
10:11:10.880 INFO  - FPGA configured successfully with bitstream "D:/RA160-2016/lab5/lab5/SDK/SDK_Workspace/basic_system_hw_platform/download.bit" 
10:13:37.525 INFO  - FPGA configured successfully with bitstream "D:/RA160-2016/lab5/lab5/SDK/SDK_Workspace/basic_system_hw_platform/download.bit" 
10:14:33.966 INFO  - FPGA configured successfully with bitstream "D:/RA160-2016/lab5/lab5/SDK/SDK_Workspace/basic_system_hw_platform/download.bit" 
10:15:51.804 INFO  - FPGA configured successfully with bitstream "D:/RA160-2016/lab5/lab5/SDK/SDK_Workspace/basic_system_hw_platform/download.bit" 
10:18:46.739 INFO  - FPGA configured successfully with bitstream "D:/RA160-2016/lab5/lab5/SDK/SDK_Workspace/basic_system_hw_platform/download.bit" 
10:19:27.869 INFO  - FPGA configured successfully with bitstream "D:/RA160-2016/lab5/lab5/SDK/SDK_Workspace/basic_system_hw_platform/download.bit" 
10:23:21.621 INFO  - FPGA configured successfully with bitstream "D:/RA160-2016/lab5/lab5/SDK/SDK_Workspace/basic_system_hw_platform/download.bit" 
10:24:16.737 INFO  - FPGA configured successfully with bitstream "D:/RA160-2016/lab5/lab5/SDK/SDK_Workspace/basic_system_hw_platform/download.bit" 
10:24:41.457 INFO  - FPGA configured successfully with bitstream "D:/RA160-2016/lab5/lab5/SDK/SDK_Workspace/basic_system_hw_platform/download.bit" 
10:25:02.292 INFO  - FPGA configured successfully with bitstream "D:/RA160-2016/lab5/lab5/SDK/SDK_Workspace/basic_system_hw_platform/download.bit" 
10:25:34.849 INFO  - FPGA configured successfully with bitstream "D:/RA160-2016/lab5/lab5/SDK/SDK_Workspace/basic_system_hw_platform/download.bit" 
10:26:00.192 INFO  - FPGA configured successfully with bitstream "D:/RA160-2016/lab5/lab5/SDK/SDK_Workspace/basic_system_hw_platform/download.bit" 
10:27:37.829 INFO  - FPGA configured successfully with bitstream "D:/RA160-2016/lab5/lab5/SDK/SDK_Workspace/basic_system_hw_platform/download.bit" 
10:28:01.833 ERROR - Unexpected error while parsing XMD response ?: com.google.gson.JsonSyntaxException: com.google.gson.stream.MalformedJsonException: invalid number or unquoted string near  
11:02:24.835 INFO  - Processing command line option -hwspec D:\RA160-2016\lab5\lab5\SDK\SDK_Export\hw\system.xml. 
11:02:34.257 ERROR - Checking FPGA configuration failed..Connection to Board Failed

Failed to Scan JTAG Chain
    Unknown Error
 
11:02:58.997 INFO  - Restoring local repository preferences: 
		 D:\work\lprs2\2013_2014\Resene_vezbe\lab56\basic_system 
11:04:08.719 ERROR - Checking FPGA configuration failed..Connection to Board Failed

Failed to Scan JTAG Chain
    Unknown Error
 
11:31:07.687 INFO  - Time out for XMD transaction is 60000
If you want to increase the timeout value, goto Windows-> Preferences -> Xilinx SDK -> XMD Startup 
11:31:07.687 ERROR - Timeout occured while waiting to get reply for command "set_cur_target 0" 
11:31:07.793 ERROR - Unexpected error while launching program. java.lang.RuntimeException: No Active System

	at com.xilinx.sdk.targetmanager.internal.TM.setResetOnRun(Unknown Source)
	at com.xilinx.sdk.debug.core.internal.AppRunner.run(Unknown Source)

11:44:49.525 ERROR - Unexpected error while launching program. java.lang.RuntimeException: No Active System
    

	at com.xilinx.sdk.targetmanager.internal.TM.setBreakPoint(Unknown Source)
	at com.xilinx.sdk.debug.core.internal.AppRunner.run(Unknown Source)

11:45:32.799 INFO  - microblaze_0 Processor is in use. Please stop existing Run or Debug sessions before launching. 
11:45:39.688 INFO  - microblaze_0 Processor is in use. Please stop existing Run or Debug sessions before launching. 
11:45:41.187 ERROR - Unexpected error while launching program. java.lang.RuntimeException: No Active System

	at com.xilinx.sdk.targetmanager.internal.TM.stop(Unknown Source)
	at com.xilinx.sdk.targetmanager.internal.CPURunSession.terminate(Unknown Source)

11:45:47.553 INFO  - microblaze_0 Processor is in use. Please stop existing Run or Debug sessions before launching. 
11:46:01.643 INFO  - microblaze_0 Processor is in use. Please stop existing Run or Debug sessions before launching. 
11:46:05.142 ERROR - Unexpected error while launching program. java.lang.RuntimeException: No Active System

	at com.xilinx.sdk.targetmanager.internal.TM.stop(Unknown Source)
	at com.xilinx.sdk.targetmanager.internal.CPURunSession.terminate(Unknown Source)

11:46:31.618 INFO  - microblaze_0 Processor is in use. Please stop existing Run or Debug sessions before launching. 
11:46:55.085 INFO  - microblaze_0 Processor is in use. Please stop existing Run or Debug sessions before launching. 
11:46:59.385 ERROR - Unexpected error while launching program. java.lang.RuntimeException: No Active System

	at com.xilinx.sdk.targetmanager.internal.TM.stop(Unknown Source)
	at com.xilinx.sdk.targetmanager.internal.CPURunSession.terminate(Unknown Source)

11:47:24.374 INFO  - microblaze_0 Processor is in use. Please stop existing Run or Debug sessions before launching. 
11:47:24.374 INFO  - microblaze_0 Processor is in use. Please stop existing Run or Debug sessions before launching. 
11:47:27.674 ERROR - Unexpected error while launching program. java.lang.RuntimeException: No Active System

	at com.xilinx.sdk.targetmanager.internal.TM.stop(Unknown Source)
	at com.xilinx.sdk.targetmanager.internal.CPURunSession.terminate(Unknown Source)

11:47:29.874 ERROR - Unexpected error while launching program. java.lang.RuntimeException: No Active System

	at com.xilinx.sdk.targetmanager.internal.TM.stop(Unknown Source)
	at com.xilinx.sdk.targetmanager.internal.CPURunSession.terminate(Unknown Source)

11:47:57.120 INFO  - microblaze_0 Processor is in use. Please stop existing Run or Debug sessions before launching. 
11:47:57.219 INFO  - microblaze_0 Processor is in use. Please stop existing Run or Debug sessions before launching. 
11:48:06.870 INFO  - microblaze_0 Processor is in use. Please stop existing Run or Debug sessions before launching. 
11:48:09.070 ERROR - Unexpected error while launching program. java.lang.RuntimeException: No Active System

	at com.xilinx.sdk.targetmanager.internal.TM.stop(Unknown Source)
	at com.xilinx.sdk.targetmanager.internal.CPURunSession.terminate(Unknown Source)

11:48:26.411 INFO  - microblaze_0 Processor is in use. Please stop existing Run or Debug sessions before launching. 
11:48:28.311 ERROR - Unexpected error while launching program. java.lang.RuntimeException: No Active System

	at com.xilinx.sdk.targetmanager.internal.TM.stop(Unknown Source)
	at com.xilinx.sdk.targetmanager.internal.CPURunSession.terminate(Unknown Source)

11:48:55.927 INFO  - microblaze_0 Processor is in use. Please stop existing Run or Debug sessions before launching. 
11:48:59.326 ERROR - Unexpected error while launching program. java.lang.RuntimeException: No Active System

	at com.xilinx.sdk.targetmanager.internal.TM.stop(Unknown Source)
	at com.xilinx.sdk.targetmanager.internal.CPURunSession.terminate(Unknown Source)

11:49:04.210 ERROR - Unexpected error while parsing XMD response ?: com.google.gson.JsonSyntaxException: com.google.gson.stream.MalformedJsonException: invalid number or unquoted string near  
11:49:24.330 INFO  - Processing command line option -hwspec D:\RA160-2016\lab5\lab5\SDK\SDK_Export\hw\system.xml. 
11:52:25.189 INFO  - Time out for XMD transaction is 60000
If you want to increase the timeout value, goto Windows-> Preferences -> Xilinx SDK -> XMD Startup 
11:52:25.189 ERROR - Timeout occured while waiting to get reply for command "targets 0" 
11:52:25.191 ERROR - Unexpected error while launching program. java.lang.RuntimeException: 
	at com.xilinx.sdk.targetmanager.internal.TM.setResetOnRun(Unknown Source)
	at com.xilinx.sdk.debug.core.internal.AppRunner.run(Unknown Source)

11:54:29.326 INFO  - microblaze_0 Processor is in use. Please stop existing Run or Debug sessions before launching. 
11:58:40.071 INFO  - Time out for XMD transaction is 60000
If you want to increase the timeout value, goto Windows-> Preferences -> Xilinx SDK -> XMD Startup 
11:58:40.071 ERROR - Timeout occured while waiting to get reply for command "targets 0" 
11:58:40.071 ERROR - Unexpected error while launching program. java.lang.RuntimeException: 
	at com.xilinx.sdk.targetmanager.internal.TM.setResetOnRun(Unknown Source)
	at com.xilinx.sdk.debug.core.internal.AppRunner.run(Unknown Source)

11:59:51.646 INFO  - Time out for XMD transaction is 60000
If you want to increase the timeout value, goto Windows-> Preferences -> Xilinx SDK -> XMD Startup 
11:59:51.646 ERROR - Timeout occured while waiting to get reply for command "xbreakpoint 0 exit sw" 
11:59:51.647 ERROR - Unexpected error while launching program. java.lang.RuntimeException: 
	at com.xilinx.sdk.targetmanager.internal.TM.setBreakPoint(Unknown Source)
	at com.xilinx.sdk.debug.core.internal.AppRunner.run(Unknown Source)

12:08:42.612 INFO  - Time out for XMD transaction is 60000
If you want to increase the timeout value, goto Windows-> Preferences -> Xilinx SDK -> XMD Startup 
12:08:42.612 ERROR - Timeout occured while waiting to get reply for command "xcontinue 0 0x0 -status_on_stop" 
12:08:42.612 ERROR - Unexpected error while launching program. java.lang.RuntimeException: 
	at com.xilinx.sdk.targetmanager.internal.TM.continueExecution(Unknown Source)
	at com.xilinx.sdk.debug.core.internal.AppRunner.run(Unknown Source)

12:09:35.850 INFO  - microblaze_0 Processor is in use. Please stop existing Run or Debug sessions before launching. 
12:09:42.691 INFO  - microblaze_0 Processor is in use. Please stop existing Run or Debug sessions before launching. 
12:09:43.990 ERROR - Unexpected error while launching program. java.lang.RuntimeException: No Active System

	at com.xilinx.sdk.targetmanager.internal.TM.stop(Unknown Source)
	at com.xilinx.sdk.targetmanager.internal.CPURunSession.terminate(Unknown Source)

12:09:49.208 ERROR - Unexpected error while parsing XMD response ?: com.google.gson.JsonSyntaxException: com.google.gson.stream.MalformedJsonException: invalid number or unquoted string near  
12:10:06.052 INFO  - Processing command line option -hwspec D:\RA160-2016\lab5\lab5\SDK\SDK_Export\hw\system.xml. 
12:16:13.516 INFO  - microblaze_0 Processor is in use. Please stop existing Run or Debug sessions before launching. 
12:16:15.118 ERROR - Unexpected error while launching program. java.lang.RuntimeException: No Active System

	at com.xilinx.sdk.targetmanager.internal.TM.stop(Unknown Source)
	at com.xilinx.sdk.targetmanager.internal.CPURunSession.terminate(Unknown Source)

12:16:21.442 ERROR - Unexpected error while parsing XMD response ?: com.google.gson.JsonSyntaxException: com.google.gson.stream.MalformedJsonException: invalid number or unquoted string near  
12:16:40.763 INFO  - Processing command line option -hwspec D:\RA160-2016\lab5\lab5\SDK\SDK_Export\hw\system.xml. 
12:21:56.326 INFO  - Time out for XMD transaction is 60000
If you want to increase the timeout value, goto Windows-> Preferences -> Xilinx SDK -> XMD Startup 
12:21:56.326 ERROR - Timeout occured while waiting to get reply for command "targets 0" 
12:21:56.328 ERROR - Unexpected error while launching program. java.lang.RuntimeException: 
	at com.xilinx.sdk.targetmanager.internal.TM.setResetOnRun(Unknown Source)
	at com.xilinx.sdk.debug.core.internal.AppRunner.run(Unknown Source)

12:22:55.896 ERROR - Unexpected error while launching program. java.lang.RuntimeException: Invalid Target ID
    Target '0' Does NOT exist in the Current System


	at com.xilinx.sdk.targetmanager.internal.TM.downloadELF(Unknown Source)
	at com.xilinx.sdk.debug.core.internal.AppRunner.run(Unknown Source)

12:29:31.499 INFO  - microblaze_0 Processor is in use. Please stop existing Run or Debug sessions before launching. 
12:29:31.598 INFO  - microblaze_0 Processor is in use. Please stop existing Run or Debug sessions before launching. 
12:29:36.890 ERROR - Unexpected error while parsing XMD response ?: com.google.gson.JsonSyntaxException: com.google.gson.stream.MalformedJsonException: invalid number or unquoted string near  
12:29:51.251 INFO  - Processing command line option -hwspec D:\RA160-2016\lab5\lab5\SDK\SDK_Export\hw\system.xml. 
12:32:00.671 ERROR - Unexpected error while parsing XMD response ?: com.google.gson.JsonSyntaxException: com.google.gson.stream.MalformedJsonException: invalid number or unquoted string near  
09:03:45.831 INFO  - Processing command line option -hwspec D:\RA160-2016\lab5\lab5\SDK\SDK_Export\hw\system.xml. 
09:04:33.019 ERROR - FPGA Configuration failed.Connection to Board Failed

Failed to Scan JTAG Chain
    Unknown Error
 
09:04:57.619 INFO  - FPGA configured successfully with bitstream "D:/RA160-2016/lab5/lab5/SDK/SDK_Workspace/basic_system_hw_platform/download.bit" 
09:16:58.250 INFO  - Time out for XMD transaction is 60000
If you want to increase the timeout value, goto Windows-> Preferences -> Xilinx SDK -> XMD Startup 
09:16:58.250 ERROR - Timeout occured while waiting to get reply for command "targets 0" 
09:16:58.252 ERROR - Unexpected error while launching program. java.lang.RuntimeException: 
	at com.xilinx.sdk.targetmanager.internal.TM.setResetOnRun(Unknown Source)
	at com.xilinx.sdk.debug.core.internal.AppRunner.run(Unknown Source)

09:20:50.102 INFO  - microblaze_0 Processor is in use. Please stop existing Run or Debug sessions before launching. 
09:20:50.401 INFO  - microblaze_0 Processor is in use. Please stop existing Run or Debug sessions before launching. 
09:20:52.601 ERROR - Unexpected error while launching program. java.lang.RuntimeException: No Active System

	at com.xilinx.sdk.targetmanager.internal.TM.stop(Unknown Source)
	at com.xilinx.sdk.targetmanager.internal.CPURunSession.terminate(Unknown Source)

09:20:59.568 INFO  - microblaze_0 Processor is in use. Please stop existing Run or Debug sessions before launching. 
09:21:05.814 WARN  - Terminating existing sessions on processor microblaze_0 
09:21:10.046 ERROR - Unexpected error while parsing XMD response ?: com.google.gson.JsonSyntaxException: com.google.gson.stream.MalformedJsonException: invalid number or unquoted string near  
09:21:25.610 INFO  - Processing command line option -hwspec D:\RA160-2016\lab5\lab5\SDK\SDK_Export\hw\system.xml. 
09:22:22.076 INFO  - microblaze_0 Processor is in use. Please stop existing Run or Debug sessions before launching. 
09:22:31.848 INFO  - microblaze_0 Processor is in use. Please stop existing Run or Debug sessions before launching. 
09:22:47.925 INFO  - microblaze_0 Processor is in use. Please stop existing Run or Debug sessions before launching. 
09:22:59.492 INFO  - microblaze_0 Processor is in use. Please stop existing Run or Debug sessions before launching. 
09:23:54.752 INFO  - microblaze_0 Processor is in use. Please stop existing Run or Debug sessions before launching. 
09:24:08.350 INFO  - microblaze_0 Processor is in use. Please stop existing Run or Debug sessions before launching. 
09:24:15.813 INFO  - microblaze_0 Processor is in use. Please stop existing Run or Debug sessions before launching. 
09:29:43.674 INFO  - microblaze_0 Processor is in use. Please stop existing Run or Debug sessions before launching. 
09:38:00.385 INFO  - Time out for XMD transaction is 60000
If you want to increase the timeout value, goto Windows-> Preferences -> Xilinx SDK -> XMD Startup 
09:38:00.385 ERROR - Timeout occured while waiting to get reply for command "xremove 0 all" 
09:38:00.387 ERROR - Unexpected error while launching program. java.lang.RuntimeException: 
	at com.xilinx.sdk.targetmanager.internal.TM.removeAllBreakpoints(Unknown Source)
	at com.xilinx.sdk.debug.core.internal.AppRunner.run(Unknown Source)

09:39:28.140 INFO  - Time out for XMD transaction is 60000
If you want to increase the timeout value, goto Windows-> Preferences -> Xilinx SDK -> XMD Startup 
09:39:28.140 ERROR - Timeout occured while waiting to get reply for command "xdebugconfig 0 -reset_on_run system enable" 
09:39:28.141 ERROR - Unexpected error while launching program. java.lang.RuntimeException: 
	at com.xilinx.sdk.targetmanager.internal.TM.setResetOnRun(Unknown Source)
	at com.xilinx.sdk.debug.core.internal.AppRunner.run(Unknown Source)

09:46:54.785 INFO  - microblaze_0 Processor is in use. Please stop existing Run or Debug sessions before launching. 
09:47:39.928 INFO  - microblaze_0 Processor is in use. Please stop existing Run or Debug sessions before launching. 
09:53:32.388 INFO  - microblaze_0 Processor is in use. Please stop existing Run or Debug sessions before launching. 
09:54:05.448 INFO  - microblaze_0 Processor is in use. Please stop existing Run or Debug sessions before launching. 
09:54:22.129 INFO  - microblaze_0 Processor is in use. Please stop existing Run or Debug sessions before launching. 
09:54:42.099 INFO  - microblaze_0 Processor is in use. Please stop existing Run or Debug sessions before launching. 
09:55:18.056 INFO  - microblaze_0 Processor is in use. Please stop existing Run or Debug sessions before launching. 
09:55:50.745 INFO  - microblaze_0 Processor is in use. Please stop existing Run or Debug sessions before launching. 
09:57:07.015 INFO  - microblaze_0 Processor is in use. Please stop existing Run or Debug sessions before launching. 
09:59:57.469 INFO  - microblaze_0 Processor is in use. Please stop existing Run or Debug sessions before launching. 
10:10:03.060 INFO  - microblaze_0 Processor is in use. Please stop existing Run or Debug sessions before launching. 
10:10:23.613 INFO  - microblaze_0 Processor is in use. Please stop existing Run or Debug sessions before launching. 
10:10:32.369 INFO  - microblaze_0 Processor is in use. Please stop existing Run or Debug sessions before launching. 
10:22:51.300 ERROR - Unable to disconnect from existing targets java.lang.NullPointerException
	at com.xilinx.sdk.targetmanager.internal.json.XMDJSONProcess.issueCommand(Unknown Source)
	at com.xilinx.sdk.targetmanager.internal.TM.disconnectTarget(Unknown Source)

10:22:51.307 ERROR - Unexpected error while parsing XMD response ?: com.google.gson.JsonSyntaxException: com.google.gson.stream.MalformedJsonException: invalid number or unquoted string near  
